<?xml version="1.0" encoding="UTF-8"?>
<testsuite xmlns:xsi="http://www.w3.org/2001/XMLSchema-instance" xsi:noNamespaceSchemaLocation="https://maven.apache.org/surefire/maven-surefire-plugin/xsd/surefire-test-report-3.0.xsd" version="3.0" name="pokemon.test.TestPokemon" time="9.072" tests="5" errors="0" skipped="0" failures="0">
  <properties>
[...]
</properties>
  <testcase name="testHealthMetrics" classname="pokemon.test.TestPokemon" time="0.634">
    <system-out><![CDATA[2022.07.24 18:27:22 INFO io.helidon.common.LogConfig Thread[main,5,main]: Logging at initialization configured using C:\Users\surisett\Desktop\HelidonMP\GIT\HelidonJAPPokemonEx\target\classes\logging.properties
2022.07.24 18:27:22 INFO io.helidon.tracing.tracerresolver.TracerResolverBuilder Thread[main,5,main]: TracerResolver not configured, tracing is disabled
2022.07.24 18:27:22 WARNING io.helidon.microprofile.tracing.TracingCdiExtension Thread[main,5,main]: helidon-microprofile-tracing is on the classpath, yet there is no tracer implementation library. Tracing uses a no-op tracer. As a result, no tracing will be configured for WebServer and JAX-RS
2022.07.24 18:27:22 INFO io.helidon.microprofile.security.SecurityCdiExtension Thread[main,5,main]: Authentication provider is missing from security configuration, but security extension for microprofile is enabled (requires providers configuration at key security.providers). Security will not have any valid authentication provider
2022.07.24 18:27:22 INFO io.helidon.microprofile.security.SecurityCdiExtension Thread[main,5,main]: Authorization provider is missing from security configuration, but security extension for microprofile is enabled (requires providers configuration at key security.providers). ABAC provider is configured for authorization.
2022.07.24 18:27:22 INFO org.hibernate.jpa.internal.util.LogHelper Thread[main,5,main]: HHH000204: Processing PersistenceUnitInfo [name: pokemon]
2022.07.24 18:27:22 INFO org.hibernate.Version Thread[main,5,main]: HHH000412: Hibernate ORM core version 5.5.7.Final
2022.07.24 18:27:22 INFO org.hibernate.cfg.Environment Thread[main,5,main]: HHH000205: Loaded properties from resource hibernate.properties: {hibernate.bytecode.use_reflection_optimizer=false, hibernate.bytecode.provider=none}
2022.07.24 18:27:22 INFO org.hibernate.annotations.common.Version Thread[main,5,main]: HCANN000001: Hibernate Commons Annotations {5.1.2.Final}
2022.07.24 18:27:23 INFO org.hibernate.dialect.Dialect Thread[main,5,main]: HHH000400: Using dialect: org.hibernate.dialect.H2Dialect
2022.07.24 18:27:23 INFO org.hibernate.engine.transaction.jta.platform.internal.JtaPlatformInitiator Thread[main,5,main]: HHH000490: Using JtaPlatform implementation: [io.helidon.integrations.cdi.hibernate.CDISEJtaPlatform$Proxy$_$$_WeldClientProxy]
2022.07.24 18:27:24 INFO org.hibernate.tool.schema.internal.SchemaCreatorImpl Thread[main,5,main]: HHH000476: Executing import script 'file:/C:/Users/surisett/Desktop/HelidonMP/GIT/HelidonJAPPokemonEx/target/classes/META-INF/init_script.sql'
2022.07.24 18:27:25 INFO io.helidon.microprofile.server.ServerCdiExtension Thread[main,5,main]: Registering JAX-RS Application: HelidonMP
2022.07.24 18:27:26 INFO io.helidon.webserver.NettyWebServer Thread[nioEventLoopGroup-2-1,10,main]: Channel '@default' started: [id: 0xc2cfa290, L:/0.0.0.0:62298]
2022.07.24 18:27:26 INFO io.helidon.microprofile.server.ServerCdiExtension Thread[main,5,main]: Server started on http://localhost:62298 (and all other host addresses) in 8186 milliseconds (since JVM startup).
2022.07.24 18:27:27 INFO io.helidon.common.HelidonFeatures Thread[features-thread,5,main]: Helidon MP 2.5.0 features: [CDI, Config, Fault Tolerance, Health, JAX-RS, JPA, JTA, Metrics, Open API, REST Client, Security, Server, Tracing]
]]></system-out>
    <system-err><![CDATA[SLF4J: Failed to load class "org.slf4j.impl.StaticLoggerBinder".
SLF4J: Defaulting to no-operation (NOP) logger implementation
SLF4J: See http://www.slf4j.org/codes.html#StaticLoggerBinder for further details.
]]></system-err>
  </testcase>
  <testcase name="testCreatePokemon" classname="pokemon.test.TestPokemon" time="0.56">
    <system-out><![CDATA[2022.07.24 18:27:28 INFO com.arjuna.ats.arjuna Thread[helidon-1,5,server]: ARJUNA012170: TransactionStatusManager started on port 62300 and host 127.0.0.1 with service com.arjuna.ats.arjuna.recovery.ActionStatusService
]]></system-out>
  </testcase>
  <testcase name="testPokemonList" classname="pokemon.test.TestPokemon" time="0.015"/>
  <testcase name="testGetWithID" classname="pokemon.test.TestPokemon" time="0.025"/>
  <testcase name="testGetWithNameStarts" classname="pokemon.test.TestPokemon" time="0.015"/>
</testsuite>